2021-06-29 20:14:03 DEBUG StandardServletEnvironment:252 - Activating profiles []
2021-06-29 20:14:03 DEBUG logging:22 - Logging Provider: org.jboss.logging.Log4j2LoggerProvider
2021-06-29 20:14:03 INFO  Version:21 - HV000001: Hibernate Validator 6.0.16.Final
2021-06-29 20:14:03 DEBUG StandardServletEnvironment:252 - Activating profiles []
2021-06-29 20:14:03 DEBUG TraversableResolvers:93 - Found javax.persistence.Persistence on classpath containing 'getPersistenceUtil'. Assuming JPA 2 environment. Trying to instantiate JPA aware TraversableResolver
2021-06-29 20:14:03 DEBUG TraversableResolvers:103 - Instantiated JPA aware TraversableResolver of type org.hibernate.validator.internal.engine.resolver.JPATraversableResolver.
2021-06-29 20:14:03 DEBUG ValidationXmlParser:120 - Trying to load META-INF/validation.xml for XML based Validator configuration.
2021-06-29 20:14:03 DEBUG ResourceLoaderHelper:60 - Trying to load META-INF/validation.xml via TCCL
2021-06-29 20:14:03 DEBUG ResourceLoaderHelper:66 - Trying to load META-INF/validation.xml via Hibernate Validator's class loader
2021-06-29 20:14:03 DEBUG ValidationXmlParser:127 - No META-INF/validation.xml found. Using annotation based configuration only.
2021-06-29 20:14:03 DEBUG ResourceBundleMessageInterpolator:89 - Loaded expression factory via original TCCL
2021-06-29 20:14:03 DEBUG ValidatorFactoryImpl:578 - HV000234: Using org.hibernate.validator.messageinterpolation.ResourceBundleMessageInterpolator as ValidatorFactory-scoped message interpolator.
2021-06-29 20:14:03 DEBUG ValidatorFactoryImpl:579 - HV000234: Using org.hibernate.validator.internal.engine.resolver.JPATraversableResolver as ValidatorFactory-scoped traversable resolver.
2021-06-29 20:14:03 DEBUG ValidatorFactoryImpl:580 - HV000234: Using org.hibernate.validator.internal.util.ExecutableParameterNameProvider as ValidatorFactory-scoped parameter name provider.
2021-06-29 20:14:03 DEBUG ValidatorFactoryImpl:581 - HV000234: Using org.hibernate.validator.internal.engine.DefaultClockProvider as ValidatorFactory-scoped clock provider.
2021-06-29 20:14:03 DEBUG ValidatorFactoryImpl:582 - HV000234: Using org.hibernate.validator.internal.engine.scripting.DefaultScriptEvaluatorFactory as ValidatorFactory-scoped script evaluator factory.
2021-06-29 20:14:03 DEBUG ClasspathLoggingApplicationListener:53 - Application started with classpath: unknown
2021-06-29 20:14:03 DEBUG ClasspathLoggingApplicationListener:56 - Application failed to start with classpath: unknown
2021-06-29 20:14:04 ERROR SpringApplication:858 - Application run failed
org.springframework.beans.BeanInstantiationException: Failed to instantiate [org.springframework.boot.web.servlet.context.AnnotationConfigServletWebServerApplicationContext]: Constructor threw exception; nested exception is java.lang.NoClassDefFoundError: org/springframework/core/metrics/ApplicationStartup
	at org.springframework.beans.BeanUtils.instantiateClass(BeanUtils.java:184)
	at org.springframework.beans.BeanUtils.instantiateClass(BeanUtils.java:122)
	at org.springframework.boot.SpringApplication.createApplicationContext(SpringApplication.java:607)
	at org.springframework.boot.SpringApplication.run(SpringApplication.java:310)
	at org.springframework.boot.SpringApplication.run(SpringApplication.java:1260)
	at org.springframework.boot.SpringApplication.run(SpringApplication.java:1248)
	at com.example.demo.SareetaApplication.main(SareetaApplication.java:15)
Caused by: java.lang.NoClassDefFoundError: org/springframework/core/metrics/ApplicationStartup
	at org.springframework.context.support.AbstractApplicationContext.<init>(AbstractApplicationContext.java:229)
	at org.springframework.context.support.GenericApplicationContext.<init>(GenericApplicationContext.java:112)
	at org.springframework.web.context.support.GenericWebApplicationContext.<init>(GenericWebApplicationContext.java:81)
	at org.springframework.boot.web.servlet.context.ServletWebServerApplicationContext.<init>(ServletWebServerApplicationContext.java:115)
	at org.springframework.boot.web.servlet.context.AnnotationConfigServletWebServerApplicationContext.<init>(AnnotationConfigServletWebServerApplicationContext.java:72)
	at java.base/jdk.internal.reflect.NativeConstructorAccessorImpl.newInstance0(Native Method)
	at java.base/jdk.internal.reflect.NativeConstructorAccessorImpl.newInstance(NativeConstructorAccessorImpl.java:78)
	at java.base/jdk.internal.reflect.DelegatingConstructorAccessorImpl.newInstance(DelegatingConstructorAccessorImpl.java:45)
	at java.base/java.lang.reflect.Constructor.newInstanceWithCaller(Constructor.java:499)
	at java.base/java.lang.reflect.Constructor.newInstance(Constructor.java:480)
	at org.springframework.beans.BeanUtils.instantiateClass(BeanUtils.java:172)
	... 6 more
Caused by: java.lang.ClassNotFoundException: org.springframework.core.metrics.ApplicationStartup
	at java.base/jdk.internal.loader.BuiltinClassLoader.loadClass(BuiltinClassLoader.java:636)
	at java.base/jdk.internal.loader.ClassLoaders$AppClassLoader.loadClass(ClassLoaders.java:182)
	at java.base/java.lang.ClassLoader.loadClass(ClassLoader.java:519)
	... 17 more
